[2024-10-27 21:55:24] local.ERROR: Please provide a valid cache path. {"exception":"[object] (InvalidArgumentException(code: 0): Please provide a valid cache path. at /home/maybeenang/projects/TA/vendor/laravel/framework/src/Illuminate/View/Compilers/Compiler.php:67)
[stacktrace]
#0 /home/maybeenang/projects/TA/vendor/laravel/framework/src/Illuminate/View/ViewServiceProvider.php(97): Illuminate\\View\\Compilers\\Compiler->__construct()
#1 /home/maybeenang/projects/TA/vendor/laravel/framework/src/Illuminate/Container/Container.php(931): Illuminate\\View\\ViewServiceProvider->Illuminate\\View\\{closure}()
#2 /home/maybeenang/projects/TA/vendor/laravel/framework/src/Illuminate/Container/Container.php(815): Illuminate\\Container\\Container->build()
#3 /home/maybeenang/projects/TA/vendor/laravel/framework/src/Illuminate/Foundation/Application.php(1046): Illuminate\\Container\\Container->resolve()
#4 /home/maybeenang/projects/TA/vendor/laravel/framework/src/Illuminate/Container/Container.php(751): Illuminate\\Foundation\\Application->resolve()
#5 /home/maybeenang/projects/TA/vendor/laravel/framework/src/Illuminate/Foundation/Application.php(1028): Illuminate\\Container\\Container->make()
#6 /home/maybeenang/projects/TA/vendor/laravel/framework/src/Illuminate/Container/Container.php(1559): Illuminate\\Foundation\\Application->make()
#7 /home/maybeenang/projects/TA/vendor/laravel/framework/src/Illuminate/Support/Facades/Facade.php(237): Illuminate\\Container\\Container->offsetGet()
#8 /home/maybeenang/projects/TA/vendor/laravel/framework/src/Illuminate/Support/Facades/Facade.php(208): Illuminate\\Support\\Facades\\Facade::resolveFacadeInstance()
#9 /home/maybeenang/projects/TA/vendor/laravel/framework/src/Illuminate/Support/Facades/Facade.php(352): Illuminate\\Support\\Facades\\Facade::getFacadeRoot()
#10 /home/maybeenang/projects/TA/vendor/blade-ui-kit/blade-icons/src/BladeIconsServiceProvider.php(106): Illuminate\\Support\\Facades\\Facade::__callStatic()
#11 /home/maybeenang/projects/TA/vendor/blade-ui-kit/blade-icons/src/BladeIconsServiceProvider.php(27): BladeUI\\Icons\\BladeIconsServiceProvider->bootDirectives()
#12 /home/maybeenang/projects/TA/vendor/laravel/framework/src/Illuminate/Container/BoundMethod.php(36): BladeUI\\Icons\\BladeIconsServiceProvider->boot()
#13 /home/maybeenang/projects/TA/vendor/laravel/framework/src/Illuminate/Container/Util.php(43): Illuminate\\Container\\BoundMethod::Illuminate\\Container\\{closure}()
#14 /home/maybeenang/projects/TA/vendor/laravel/framework/src/Illuminate/Container/BoundMethod.php(95): Illuminate\\Container\\Util::unwrapIfClosure()
#15 /home/maybeenang/projects/TA/vendor/laravel/framework/src/Illuminate/Container/BoundMethod.php(35): Illuminate\\Container\\BoundMethod::callBoundMethod()
#16 /home/maybeenang/projects/TA/vendor/laravel/framework/src/Illuminate/Container/Container.php(690): Illuminate\\Container\\BoundMethod::call()
#17 /home/maybeenang/projects/TA/vendor/laravel/framework/src/Illuminate/Foundation/Application.php(1119): Illuminate\\Container\\Container->call()
#18 /home/maybeenang/projects/TA/vendor/laravel/framework/src/Illuminate/Foundation/Application.php(1100): Illuminate\\Foundation\\Application->bootProvider()
#19 [internal function]: Illuminate\\Foundation\\Application->Illuminate\\Foundation\\{closure}()
#20 /home/maybeenang/projects/TA/vendor/laravel/framework/src/Illuminate/Foundation/Application.php(1099): array_walk()
#21 /home/maybeenang/projects/TA/vendor/laravel/framework/src/Illuminate/Foundation/Bootstrap/BootProviders.php(17): Illuminate\\Foundation\\Application->boot()
#22 /home/maybeenang/projects/TA/vendor/laravel/framework/src/Illuminate/Foundation/Application.php(316): Illuminate\\Foundation\\Bootstrap\\BootProviders->bootstrap()
#23 /home/maybeenang/projects/TA/vendor/laravel/framework/src/Illuminate/Foundation/Console/Kernel.php(473): Illuminate\\Foundation\\Application->bootstrapWith()
#24 /home/maybeenang/projects/TA/vendor/laravel/framework/src/Illuminate/Foundation/Console/Kernel.php(195): Illuminate\\Foundation\\Console\\Kernel->bootstrap()
#25 /home/maybeenang/projects/TA/vendor/laravel/framework/src/Illuminate/Foundation/Application.php(1203): Illuminate\\Foundation\\Console\\Kernel->handle()
#26 /home/maybeenang/projects/TA/artisan(13): Illuminate\\Foundation\\Application->handleCommand()
#27 {main}
"} 
